0 info it worked if it ends with ok
1 verbose cli [
1 verbose cli   'C:\\Users\\Kesav\\node_modules\\node\\bin\\node.exe',
1 verbose cli   'C:\\Users\\Kesav\\node_modules\\npm\\bin\\npm-cli.js',
1 verbose cli   'run',
1 verbose cli   'install-client'
1 verbose cli ]
2 info using npm@2.15.12
3 info using node@v18.20.0
4 verbose run-script [ 'preinstall-client', 'install-client', 'postinstall-client' ]
5 info preinstall-client nasa_project@1.0.0
6 info install-client nasa_project@1.0.0
7 verbose unsafe-perm in lifecycle true
8 info nasa_project@1.0.0 Failed to exec install-client script
9 verbose stack Error: nasa_project@1.0.0 install-client: `cd client && npm install`
9 verbose stack Exit status 1
9 verbose stack     at EventEmitter.<anonymous> (C:\Users\Kesav\node_modules\npm\lib\utils\lifecycle.js:217:16)
9 verbose stack     at EventEmitter.emit (node:events:517:28)
9 verbose stack     at ChildProcess.<anonymous> (C:\Users\Kesav\node_modules\npm\lib\utils\spawn.js:24:14)
9 verbose stack     at ChildProcess.emit (node:events:517:28)
9 verbose stack     at maybeClose (node:internal/child_process:1098:16)
9 verbose stack     at ChildProcess._handle.onexit (node:internal/child_process:303:5)
10 verbose pkgid nasa_project@1.0.0
11 verbose cwd C:\Users\Kesav\OneDrive\ドキュメント\Web dev\Node Practice\nasa_project
12 error Windows_NT 10.0.22631
13 error argv "C:\\Users\\Kesav\\node_modules\\node\\bin\\node.exe" "C:\\Users\\Kesav\\node_modules\\npm\\bin\\npm-cli.js" "run" "install-client"
14 error node v18.20.0
15 error npm  v2.15.12
16 error code ELIFECYCLE
17 error nasa_project@1.0.0 install-client: `cd client && npm install`
17 error Exit status 1
18 error Failed at the nasa_project@1.0.0 install-client script 'cd client && npm install'.
18 error This is most likely a problem with the nasa_project package,
18 error not with npm itself.
18 error Tell the author that this fails on your system:
18 error     cd client && npm install
18 error You can get information on how to open an issue for this project with:
18 error     npm bugs nasa_project
18 error Or if that isn't available, you can get their info via:
18 error
18 error     npm owner ls nasa_project
18 error There is likely additional logging output above.
19 verbose exit [ 1, true ]
